<?xml version="1.0" encoding="UTF-8"?>
<!-- Generated by org.testng.reporters.JUnitReportReporter -->
<testsuite skipped="0" hostname="AIPL2361LT06766" name="com.qa.bestbuy.JsonPathJayWayExample" tests="1" failures="0" timestamp="2020-08-21T13:08:43 IST" time="0.061" errors="0">
  <testcase name="getNameOfProduct" time="0.061" classname="com.qa.bestbuy.JsonPathJayWayExample"/>
  <system-out/>
</testsuite> <!-- com.qa.bestbuy.JsonPathJayWayExample -->
