<?xml version="1.0" encoding="UTF-8"?>
<!-- Generated by org.testng.reporters.JUnitReportReporter -->
<testsuite skipped="0" hostname="AIPL2361LT06766" name="com.labs.test.GETApiNoBDD" tests="1" failures="0" timestamp="2020-08-06T14:44:48 IST" time="3.468" errors="0">
  <testcase name="getUserAPIParamTest" time="3.468" classname="com.labs.test.GETApiNoBDD"/>
  <system-out/>
</testsuite> <!-- com.labs.test.GETApiNoBDD -->
