<?xml version="1.0" encoding="UTF-8"?>
<!-- Generated by org.testng.reporters.JUnitReportReporter -->
<testsuite skipped="0" hostname="AIPL2361LT06766" name="com.qa.httpclientAPITests.CreateUserPOSTAPITest" tests="1" failures="0" timestamp="2020-06-05T16:14:58 IST" time="1.411" errors="0">
  <testcase name="createUserAPITest" time="1.411" classname="com.qa.httpclientAPITests.CreateUserPOSTAPITest"/>
  <system-out/>
</testsuite> <!-- com.qa.httpclientAPITests.CreateUserPOSTAPITest -->
