<?xml version="1.0" encoding="UTF-8"?>
<!-- Generated by org.testng.reporters.JUnitReportReporter -->
<testsuite skipped="0" hostname="AIPL2361LT06766" name="com.api.tests.GetCallApi" tests="1" failures="0" timestamp="2020-05-29T17:24:56 IST" time="5.298" errors="0">
  <testcase name="getUserWithOneQueryParameterAPITest" time="5.298" classname="com.api.tests.GetCallApi"/>
  <system-out/>
</testsuite> <!-- com.api.tests.GetCallApi -->
