<?xml version="1.0" encoding="UTF-8"?>
<!-- Generated by org.testng.reporters.JUnitReportReporter -->
<testsuite skipped="0" hostname="AIPL2361LT06766" name="com.api.tests.GetTokenPOJO" tests="1" failures="0" timestamp="2020-05-30T17:32:04 IST" time="0.684" errors="0">
  <testcase name="getTokenWithPOJOTest" time="0.684" classname="com.api.tests.GetTokenPOJO"/>
  <system-out/>
</testsuite> <!-- com.api.tests.GetTokenPOJO -->
