<?xml version="1.0" encoding="UTF-8"?>
<!-- Generated by org.testng.reporters.JUnitReportReporter -->
<testsuite skipped="0" hostname="AIPL2361LT06766" name="com.labs.test.BasicAuthentication" tests="1" failures="0" timestamp="2020-08-07T12:08:59 IST" time="2.809" errors="0">
  <testcase name="createTweet" time="2.809" classname="com.labs.test.BasicAuthentication"/>
  <system-out/>
</testsuite> <!-- com.labs.test.BasicAuthentication -->
