<?xml version="1.0" encoding="UTF-8"?>
<!-- Generated by org.testng.reporters.JUnitReportReporter -->
<testsuite skipped="0" hostname="AIPL2361LT06766" name="com.qa.httpclientAPITests.BasicAuthWithHttpclient" tests="1" failures="0" timestamp="2020-06-05T22:09:56 IST" time="1.648" errors="0">
  <testcase name="basicAuthHandletest" time="1.648" classname="com.qa.httpclientAPITests.BasicAuthWithHttpclient"/>
  <system-out/>
</testsuite> <!-- com.qa.httpclientAPITests.BasicAuthWithHttpclient -->
