<?xml version="1.0" encoding="UTF-8"?>
<!-- Generated by org.testng.reporters.JUnitReportReporter -->
<testsuite skipped="0" hostname="AIPL2361LT06766" name="com.qa.httpclientAPITests.UpdateUserPUTAPITest" tests="1" failures="0" timestamp="2020-06-05T23:11:09 IST" time="1.568" errors="0">
  <testcase name="updateUsetTest" time="1.568" classname="com.qa.httpclientAPITests.UpdateUserPUTAPITest"/>
  <system-out/>
</testsuite> <!-- com.qa.httpclientAPITests.UpdateUserPUTAPITest -->
