<?xml version="1.0" encoding="UTF-8"?>
<!-- Generated by org.testng.reporters.JUnitReportReporter -->
<testsuite skipped="1" hostname="AIPL2361LT06766" name="com.api.tests.GetApiNoBDD" tests="2" failures="0" timestamp="2020-05-29T17:57:48 IST" time="3.417" errors="0">
  <testcase name="getUserAPIByParamsTest" time="3.417" classname="com.api.tests.GetApiNoBDD"/>
  <system-out/>
  <testcase name="getUserAPITest" classname="com.api.tests.GetApiNoBDD">
    <skipped/>
  </testcase> <!-- getUserAPITest -->
  <system-out/>
</testsuite> <!-- com.api.tests.GetApiNoBDD -->
