<?xml version="1.0" encoding="UTF-8"?>
<!-- Generated by org.testng.reporters.JUnitReportReporter -->
<testsuite skipped="0" hostname="AIPL2361LT06766" name="com.labs.test.DeleteApiCall" tests="1" failures="0" timestamp="2020-08-06T15:31:10 IST" time="3.326" errors="0">
  <testcase name="userDeleteApiTest" time="3.326" classname="com.labs.test.DeleteApiCall"/>
  <system-out/>
</testsuite> <!-- com.labs.test.DeleteApiCall -->
