<?xml version="1.0" encoding="UTF-8"?>
<!-- Generated by org.testng.reporters.JUnitReportReporter -->
<testsuite skipped="0" hostname="AIPL2361LT06766" name="com.labs.test.GetUserAPISchemaTest" tests="1" failures="0" timestamp="2020-08-06T15:00:39 IST" time="3.488" errors="0">
  <testcase name="getUserSchemaTest" time="3.488" classname="com.labs.test.GetUserAPISchemaTest"/>
  <system-out/>
</testsuite> <!-- com.labs.test.GetUserAPISchemaTest -->
