<?xml version="1.0" encoding="UTF-8"?>
<!-- Generated by org.testng.reporters.JUnitReportReporter -->
<testsuite skipped="0" hostname="AIPL2361LT06766" name="com.labs.test.OAuthTwoTest" tests="1" failures="0" timestamp="2020-08-07T12:30:10 IST" time="3.061" errors="0">
  <testcase name="getOath2TokenTest" time="3.061" classname="com.labs.test.OAuthTwoTest"/>
  <system-out/>
</testsuite> <!-- com.labs.test.OAuthTwoTest -->
