<?xml version="1.0" encoding="UTF-8"?>
<!-- Generated by org.testng.reporters.JUnitReportReporter -->
<testsuite skipped="0" hostname="AIPL2361LT06766" name="com.labs.test.PUTAPICall" tests="1" failures="0" timestamp="2020-08-06T15:21:10 IST" time="3.363" errors="0">
  <testcase name="updateUserWithPutTest" time="3.363" classname="com.labs.test.PUTAPICall"/>
  <system-out/>
</testsuite> <!-- com.labs.test.PUTAPICall -->
