<?xml version="1.0" encoding="UTF-8"?>
<!-- Generated by org.testng.reporters.JUnitReportReporter -->
<testsuite skipped="0" hostname="AIPL2361LT06766" name="com.qa.bestbuy.JsonpathJsonSlurperExample" tests="1" failures="0" timestamp="2020-08-21T14:39:50 IST" time="0.530" errors="0">
  <testcase name="getServices" time="0.530" classname="com.qa.bestbuy.JsonpathJsonSlurperExample"/>
  <system-out/>
</testsuite> <!-- com.qa.bestbuy.JsonpathJsonSlurperExample -->
