<?xml version="1.0" encoding="UTF-8"?>
<!-- Generated by org.testng.reporters.JUnitReportReporter -->
<testsuite skipped="0" hostname="AIPL2361LT06766" name="com.booking.api.tests.BookingAPITest" tests="1" failures="0" timestamp="2020-06-01T15:37:10 IST" time="3.755" errors="0">
  <testcase name="doBookingTest" time="3.755" classname="com.booking.api.tests.BookingAPITest"/>
  <system-out/>
</testsuite> <!-- com.booking.api.tests.BookingAPITest -->
