<?xml version="1.0" encoding="UTF-8"?>
<!-- Generated by org.testng.reporters.JUnitReportReporter -->
<testsuite skipped="0" hostname="AIPL2361LT06766" name="com.studentAppli.tests.BestBuyStoresRestAssured" tests="1" failures="0" timestamp="2020-09-01T17:31:37 IST" time="1.065" errors="0">
  <testcase name="test07" time="1.065" classname="com.studentAppli.tests.BestBuyStoresRestAssured"/>
  <system-out/>
</testsuite> <!-- com.studentAppli.tests.BestBuyStoresRestAssured -->
