<?xml version="1.0" encoding="UTF-8"?>
<!-- Generated by org.testng.reporters.JUnitReportReporter -->
<testsuite skipped="0" hostname="AIPL2361LT06766" name="com.api.tests.DELETECallAPITest" tests="1" failures="0" timestamp="2020-05-31T21:29:07 IST" time="2.433" errors="0">
  <testcase name="deleteUserWithBDDTest" time="2.433" classname="com.api.tests.DELETECallAPITest"/>
  <system-out/>
</testsuite> <!-- com.api.tests.DELETECallAPITest -->
