<?xml version="1.0" encoding="UTF-8"?>
<!-- Generated by org.testng.reporters.JUnitReportReporter -->
<testsuite skipped="0" hostname="AIPL2361LT06766" name="com.api.tests.GetUserSchemaTest" tests="1" failures="0" timestamp="2020-05-30T22:23:25 IST" time="3.523" errors="0">
  <testcase name="getUserSchemaTest" time="3.523" classname="com.api.tests.GetUserSchemaTest"/>
  <system-out/>
</testsuite> <!-- com.api.tests.GetUserSchemaTest -->
