<?xml version="1.0" encoding="UTF-8"?>
<!-- Generated by org.testng.reporters.JUnitReportReporter -->
<testsuite skipped="0" hostname="AIPL2361LT06766" name="com.api.tests.BookingAPITest" tests="1" failures="0" timestamp="2020-08-06T16:52:34 IST" time="5.144" errors="0">
  <testcase name="doBookingTest" time="5.144" classname="com.api.tests.BookingAPITest"/>
  <system-out/>
</testsuite> <!-- com.api.tests.BookingAPITest -->
