<?xml version="1.0" encoding="UTF-8"?>
<!-- Generated by org.testng.reporters.JUnitReportReporter -->
<testsuite skipped="0" hostname="AIPL2361LT06766" name="com.api.tests.PUTAPICall" tests="1" failures="0" timestamp="2020-05-31T21:23:39 IST" time="2.533" errors="0">
  <testcase name="updateUserWithApiTest" time="2.533" classname="com.api.tests.PUTAPICall"/>
  <system-out/>
</testsuite> <!-- com.api.tests.PUTAPICall -->
