<?xml version="1.0" encoding="UTF-8"?>
<!-- Generated by org.testng.reporters.JUnitReportReporter -->
<testsuite skipped="0" hostname="AIPL2361LT06766" name="com.labs.test.POSTCallNoBDD" tests="1" failures="0" timestamp="2020-08-06T12:06:03 IST" time="4.486" errors="0">
  <testcase name="tokenPOSTAPITest" time="4.486" classname="com.labs.test.POSTCallNoBDD"/>
  <system-out/>
</testsuite> <!-- com.labs.test.POSTCallNoBDD -->
