<?xml version="1.0" encoding="UTF-8"?>
<!-- Generated by org.testng.reporters.JUnitReportReporter -->
<testsuite skipped="1" hostname="AIPL2361LT06766" name="com.labs.test.GetCallAPI" tests="2" failures="0" timestamp="2020-08-06T11:07:06 IST" time="3.377" errors="0">
  <testcase name="getSingleUSERAPIQueryParamTest" time="3.377" classname="com.labs.test.GetCallAPI"/>
  <system-out/>
  <testcase name="getUsersAPITest" classname="com.labs.test.GetCallAPI">
    <skipped/>
  </testcase> <!-- getUsersAPITest -->
  <system-out/>
</testsuite> <!-- com.labs.test.GetCallAPI -->
