<?xml version="1.0" encoding="UTF-8"?>
<!-- Generated by org.testng.reporters.JUnitReportReporter -->
<testsuite skipped="0" hostname="AIPL2361LT06766" name="com.api.tests.BasicAuthHandle" tests="1" failures="0" timestamp="2020-06-05T21:34:17 IST" time="3.555" errors="0">
  <testcase name="basicAuthRestAssuredTest" time="3.555" classname="com.api.tests.BasicAuthHandle"/>
  <system-out/>
</testsuite> <!-- com.api.tests.BasicAuthHandle -->
