<?xml version="1.0" encoding="UTF-8"?>
<!-- Generated by org.testng.reporters.JUnitReportReporter -->
<testsuite skipped="0" hostname="AIPL2361LT06766" name="com.qa.httpclientAPITests.GetUserAPITest" tests="1" failures="0" timestamp="2020-06-04T16:18:50 IST" time="1.011" errors="0">
  <testcase name="goRestGetUserAPITest" time="1.011" classname="com.qa.httpclientAPITests.GetUserAPITest"/>
  <system-out/>
</testsuite> <!-- com.qa.httpclientAPITests.GetUserAPITest -->
