<?xml version="1.0" encoding="UTF-8"?>
<!-- Generated by org.testng.reporters.JUnitReportReporter -->
<testsuite skipped="0" hostname="AIPL2361LT06766" name="com.labs.test.CoopTest" tests="2" failures="0" timestamp="2020-08-07T12:33:36 IST" time="4.585" errors="0">
  <testcase name="feedChickensTest" time="3.428" classname="com.labs.test.CoopTest"/>
  <system-out/>
  <testcase name="eggsCollect" time="1.157" classname="com.labs.test.CoopTest"/>
  <system-out/>
</testsuite> <!-- com.labs.test.CoopTest -->
